<?xml version="1.0" encoding="UTF-8"?>
<!-- Generated by org.testng.reporters.JUnitReportReporter -->
<testsuite hostname="DESKTOP-E2BNPS4" failures="0" tests="1" name="day3.Logges" time="2.563" errors="0" timestamp="2023-03-14T18:00:35 IST" skipped="0">
  <testcase classname="day3.Logges" name="testHeaders" time="2.563"/>
  <system-out/>
</testsuite> <!-- day3.Logges -->
