<?xml version="1.0" encoding="UTF-8"?>
<!-- Generated by org.testng.reporters.JUnitReportReporter -->
<testsuite hostname="DESKTOP-E2BNPS4" failures="0" tests="2" name="uiautomation.UITest" time="5.537" errors="0" timestamp="2023-03-16T14:35:44 IST" skipped="0">
  <testcase classname="uiautomation.UITest" name="test1" time="3.082"/>
  <system-out/>
  <testcase classname="uiautomation.UITest" name="test2" time="2.455"/>
  <system-out/>
</testsuite> <!-- uiautomation.UITest -->
