<?xml version="1.0" encoding="UTF-8"?>
<!-- Generated by org.testng.reporters.JUnitReportReporter -->
<testsuite hostname="DESKTOP-E2BNPS4" failures="0" tests="2" name="day3.CookiesandHeaders" time="5.001" errors="0" timestamp="2023-03-14T18:39:56 IST" skipped="0">
  <testcase classname="day3.CookiesandHeaders" name="testCookies" time="3.447"/>
  <system-out/>
  <testcase classname="day3.CookiesandHeaders" name="getCookiesInfo" time="1.554"/>
  <system-out/>
</testsuite> <!-- day3.CookiesandHeaders -->
