<?xml version="1.0" encoding="UTF-8"?>
<!-- Generated by org.testng.reporters.JUnitReportReporter -->
<testsuite hostname="DESKTOP-E2BNPS4" failures="0" tests="2" name="day3.HeaderValidation" time="1.680" errors="0" timestamp="2023-02-28T20:50:26 IST" skipped="0">
  <testcase classname="day3.HeaderValidation" name="testHeaders" time="1.395"/>
  <system-out/>
  <testcase classname="day3.HeaderValidation" name="getHeaders" time="0.285"/>
  <system-out/>
</testsuite> <!-- day3.HeaderValidation -->
