<?xml version="1.0" encoding="UTF-8"?>
<!-- Generated by org.testng.reporters.JUnitReportReporter -->
<testsuite hostname="DESKTOP-E2BNPS4" failures="0" tests="1" name="day2.DiffwaysToCreatePostRequest" time="1.484" errors="0" timestamp="2023-02-28T18:36:59 IST" skipped="0">
  <testcase classname="day2.DiffwaysToCreatePostRequest" name="deleteStudentDetail" time="1.484"/>
  <system-out/>
</testsuite> <!-- day2.DiffwaysToCreatePostRequest -->
