<?xml version="1.0" encoding="UTF-8"?>
<!-- Generated by org.testng.reporters.JUnitReportReporter -->
<testsuite hostname="DESKTOP-E2BNPS4" failures="0" tests="2" name="day3.CookiesandHeaders" time="5.202" errors="0" timestamp="2023-02-28T20:35:00 IST" skipped="0">
  <testcase classname="day3.CookiesandHeaders" name="testCookies" time="3.809"/>
  <system-out/>
  <testcase classname="day3.CookiesandHeaders" name="getCookiesInfo" time="1.393"/>
  <system-out/>
</testsuite> <!-- day3.CookiesandHeaders -->
