<?xml version="1.0" encoding="UTF-8"?>
<!-- Generated by org.testng.reporters.JUnitReportReporter -->
<testsuite hostname="DESKTOP-E2BNPS4" failures="0" tests="3" name="day1.HTTPrequests" time="5.001" errors="0" timestamp="2023-03-14T18:37:18 IST" skipped="0">
  <testcase classname="day1.HTTPrequests" name="getUser" time="3.002"/>
  <system-out/>
  <testcase classname="day1.HTTPrequests" name="createUser" time="1.014"/>
  <system-out/>
  <testcase classname="day1.HTTPrequests" name="deleteRequest" time="0.985"/>
  <system-out/>
</testsuite> <!-- day1.HTTPrequests -->
