<?xml version="1.0" encoding="UTF-8"?>
<!-- Generated by org.testng.reporters.JUnitReportReporter -->
<testsuite hostname="DESKTOP-E2BNPS4" failures="0" tests="1" name="day4.ParsingJSONResponseData" time="1.348" errors="0" timestamp="2023-03-04T12:25:33 IST" skipped="0">
  <testcase classname="day4.ParsingJSONResponseData" name="gettotalprice" time="1.348"/>
  <system-out/>
</testsuite> <!-- day4.ParsingJSONResponseData -->
