<?xml version="1.0" encoding="UTF-8"?>
<!-- Generated by org.testng.reporters.JUnitReportReporter -->
<testsuite hostname="DESKTOP-E2BNPS4" failures="0" tests="1" name="day5.FileUpload" time="1.240" errors="0" timestamp="2023-03-06T23:08:19 IST" skipped="0">
  <testcase classname="day5.FileUpload" name="getvalueFileUpload" time="1.240"/>
  <system-out/>
</testsuite> <!-- day5.FileUpload -->
