<?xml version="1.0" encoding="UTF-8"?>
<!-- Generated by org.testng.reporters.JUnitReportReporter -->
<testsuite hostname="DESKTOP-E2BNPS4" failures="0" tests="1" name="day5.XMLResponse" time="2.084" errors="0" timestamp="2023-03-06T13:35:47 IST" skipped="0">
  <testcase classname="day5.XMLResponse" name="testXMLResponseBody" time="2.084"/>
  <system-out/>
</testsuite> <!-- day5.XMLResponse -->
