<?xml version="1.0" encoding="UTF-8"?>
<!-- Generated by org.testng.reporters.JUnitReportReporter -->
<testsuite hostname="DESKTOP-E2BNPS4" failures="0" tests="1" name="day6.JsonSchema_Validation" time="2.009" errors="0" timestamp="2023-03-10T15:57:31 IST" skipped="0">
  <testcase classname="day6.JsonSchema_Validation" name="jsonschemavalidation" time="2.009"/>
  <system-out/>
</testsuite> <!-- day6.JsonSchema_Validation -->
