<?xml version="1.0" encoding="UTF-8"?>
<!-- Generated by org.testng.reporters.JUnitReportReporter -->
<testsuite hostname="DESKTOP-E2BNPS4" failures="0" tests="3" name="day1.HTTPrequests" time="4.402" errors="0" timestamp="2023-02-27T21:42:49 IST" skipped="0">
  <testcase classname="day1.HTTPrequests" name="getUser" time="2.759"/>
  <system-out/>
  <testcase classname="day1.HTTPrequests" name="createUser" time="0.969"/>
  <system-out/>
  <testcase classname="day1.HTTPrequests" name="deleteRequest" time="0.674"/>
  <system-out/>
</testsuite> <!-- day1.HTTPrequests -->
