<?xml version="1.0" encoding="UTF-8"?>
<!-- Generated by org.testng.reporters.JUnitReportReporter -->
<testsuite hostname="DESKTOP-E2BNPS4" failures="0" tests="1" name="day3.PathandQueryParameters" time="3.141" errors="0" timestamp="2023-02-28T20:01:58 IST" skipped="0">
  <testcase classname="day3.PathandQueryParameters" name="testQueryandPathParameters" time="3.141"/>
  <system-out/>
</testsuite> <!-- day3.PathandQueryParameters -->
