<?xml version="1.0" encoding="UTF-8"?>
<!-- Generated by org.testng.reporters.JUnitReportReporter -->
<testsuite hostname="DESKTOP-E2BNPS4" failures="0" tests="1" name="day6.JsonSchema_Validation" time="1.744" errors="0" timestamp="2023-03-07T23:45:40 IST" skipped="0">
  <testcase classname="day6.JsonSchema_Validation" name="jsonschemavalidation" time="1.744"/>
  <system-out/>
</testsuite> <!-- day6.JsonSchema_Validation -->
